<?xml version="1.0" encoding="UTF-8"?>
<!-- Generated by org.testng.reporters.JUnitXMLReporter -->
<testsuite hostname="Saurabhs-MacBook-Pro.local" ignored="3" name="Surefire test" tests="2" failures="0" timestamp="24 Aug 2019 18:04:36 GMT" time="11.873" errors="0">
  <testcase name="testScreen" time="2.965" classname="com.uiAutomationRetailSite.Expedia.GCO.TestScripts.TestScreenshot"/>
  <testcase name="validateLoginFunctinality" time="6.674" classname="com.uiAutomationRetailSite.Expedia.GCO.TestScripts.LoginTest.LoginTest"/>
  <testcase name="@AfterTest afterTest" time="0.0" classname="com.uiAutomationRetailSite.Expedia.GCO.TestBase.TestBase">
    <ignored/>
  </testcase> <!-- @AfterTest afterTest -->
  <testcase name="@BeforeTest beforeTest" time="0.0" classname="com.uiAutomationRetailSite.Expedia.GCO.TestBase.TestBase">
    <ignored/>
  </testcase> <!-- @BeforeTest beforeTest -->
  <testcase name="@BeforeSuite beforeSuite" time="0.0" classname="com.uiAutomationRetailSite.Expedia.GCO.TestBase.TestBase">
    <ignored/>
  </testcase> <!-- @BeforeSuite beforeSuite -->
</testsuite> <!-- Surefire test -->
