<?xml version="1.0" encoding="UTF-8"?>
<!-- Generated by org.testng.reporters.JUnitXMLReporter -->
<testsuite hostname="Saurabhs-MacBook-Pro.local" ignored="0" name="DecendingSortedPrice" tests="1" failures="1" timestamp="27 Aug 2019 05:19:20 GMT" time="16.136" errors="0">
  <testcase name="validateLowestPrice" time="14.172" classname="com.uiAutomationRetailSite.Expedia.GCO.TestScripts.DecendingSortedPrice.DecendingSortedPrice">
    <failure type="java.lang.AssertionError" message="expected [true] but found [false]">
      <![CDATA[java.lang.AssertionError: expected [true] but found [false]
at com.uiAutomationRetailSite.Expedia.GCO.Helper.Assertion.AssertionHelper.Fail(AssertionHelper.java:84)
at com.uiAutomationRetailSite.Expedia.GCO.Helper.Assertion.AssertionHelper.updateTestStatus(AssertionHelper.java:99)
at com.uiAutomationRetailSite.Expedia.GCO.TestScripts.DecendingSortedPrice.DecendingSortedPrice.validateLowestPrice(DecendingSortedPrice.java:34)
at java.util.concurrent.FutureTask.run(FutureTask.java:266)
at java.util.concurrent.ThreadPoolExecutor.runWorker(ThreadPoolExecutor.java:1142)
at java.util.concurrent.ThreadPoolExecutor$Worker.run(ThreadPoolExecutor.java:617)
at java.lang.Thread.run(Thread.java:745)
... Removed 20 stack frames]]>
    </failure>
  </testcase> <!-- validateLowestPrice -->
</testsuite> <!-- DecendingSortedPrice -->
