<?xml version="1.0" encoding="UTF-8"?>
<!-- Generated by org.testng.reporters.JUnitXMLReporter -->
<testsuite hostname="Saurabhs-MacBook-Pro.local" ignored="0" name="AuthPageValidation" tests="4" failures="2" timestamp="18 Aug 2019 23:14:21 GMT" time="6.823" errors="0">
  <testcase name="testScreen" time="3.922" classname="com.uiAutomationRetailSite.Expedia.GCO.TestScripts.TestScreenshot"/>
  <testcase name="testScreen1" time="0.006" classname="com.uiAutomationRetailSite.Expedia.GCO.TestScripts.TestScreenshot">
    <failure type="java.lang.AssertionError" message="expected [true] but found [false]">
      <![CDATA[java.lang.AssertionError: expected [true] but found [false]
at com.uiAutomationRetailSite.Expedia.GCO.Helper.Assertion.AssertionHelper.makeAssertFalse(AssertionHelper.java:32)
at com.uiAutomationRetailSite.Expedia.GCO.TestScripts.TestScreenshot.testScreen1(TestScreenshot.java:22)
at java.util.concurrent.FutureTask.run(FutureTask.java:266)
at java.util.concurrent.ThreadPoolExecutor.runWorker(ThreadPoolExecutor.java:1142)
at java.util.concurrent.ThreadPoolExecutor$Worker.run(ThreadPoolExecutor.java:617)
at java.lang.Thread.run(Thread.java:745)
... Removed 20 stack frames]]>
    </failure>
  </testcase> <!-- testScreen1 -->
  <testcase name="testScreen2" time="0.001" classname="com.uiAutomationRetailSite.Expedia.GCO.TestScripts.TestScreenshot"/>
  <testcase name="testScreen4" time="0.002" classname="com.uiAutomationRetailSite.Expedia.GCO.TestScripts.TestScreenshot">
    <failure type="java.lang.AssertionError" message="expected [true] but found [false]">
      <![CDATA[java.lang.AssertionError: expected [true] but found [false]
at com.uiAutomationRetailSite.Expedia.GCO.Helper.Assertion.AssertionHelper.makeAssertFalse(AssertionHelper.java:32)
at com.uiAutomationRetailSite.Expedia.GCO.TestScripts.TestScreenshot.testScreen4(TestScreenshot.java:32)
at java.util.concurrent.FutureTask.run(FutureTask.java:266)
at java.util.concurrent.ThreadPoolExecutor.runWorker(ThreadPoolExecutor.java:1142)
at java.util.concurrent.ThreadPoolExecutor$Worker.run(ThreadPoolExecutor.java:617)
at java.lang.Thread.run(Thread.java:745)
... Removed 20 stack frames]]>
    </failure>
  </testcase> <!-- testScreen4 -->
</testsuite> <!-- AuthPageValidation -->
